[0.034s] Invoking command in '/root/Humble/Zero2RoboticArm-6_DOF_Robotic_Arm_MicroROS_ROS2/brainswarm_ws/build/srdfdom': CMAKE_PREFIX_PATH=/opt/ros/humble /usr/bin/cmake /root/Humble/Zero2RoboticArm-6_DOF_Robotic_Arm_MicroROS_ROS2/brainswarm_ws/src/srdfdom-2.0.4 -DCMAKE_INSTALL_PREFIX=/root/Humble/Zero2RoboticArm-6_DOF_Robotic_Arm_MicroROS_ROS2/brainswarm_ws/install/srdfdom
[0.088s] -- The CXX compiler identification is GNU 11.4.0
[0.095s] -- Detecting CXX compiler ABI info
[0.179s] -- Detecting CXX compiler ABI info - done
[0.188s] -- Check for working CXX compiler: /usr/bin/c++ - skipped
[0.188s] -- Detecting CXX compile features
[0.189s] -- Detecting CXX compile features - done
[0.198s] -- Found Boost: /usr/lib/x86_64-linux-gnu/cmake/Boost-1.74.0/BoostConfig.cmake (found version "1.74.0")  
[0.211s] -- Found ament_cmake: 1.3.11 (/opt/ros/humble/share/ament_cmake/cmake)
[0.370s] -- Found Python3: /usr/bin/python3 (found version "3.10.12") found components: Interpreter 
[0.474s] -- Found urdf: 2.6.1 (/opt/ros/humble/share/urdf/cmake)
[0.524s] -- Found TinyXML2 via Config file: TinyXML2_DIR-NOTFOUND
[0.623s] -- Found ament_cmake_gtest: 1.3.11 (/opt/ros/humble/share/ament_cmake_gtest/cmake)
[0.626s] -- Found ament_cmake_pytest: 1.3.11 (/opt/ros/humble/share/ament_cmake_pytest/cmake)
[0.973s] -- Locale nl_NL not available. Locale test will not be meaningful.
[0.976s] -- Found gtest sources under '/opt/ros/humble/src/gtest_vendor': C++ tests using 'Google Test' will be built
[1.016s] -- The C compiler identification is GNU 11.4.0
[1.023s] -- Detecting C compiler ABI info
[1.092s] -- Detecting C compiler ABI info - done
[1.100s] -- Check for working C compiler: /usr/bin/cc - skipped
[1.100s] -- Detecting C compile features
[1.101s] -- Detecting C compile features - done
[1.103s] -- Looking for C++ include pthread.h
[1.186s] -- Looking for C++ include pthread.h - found
[1.187s] -- Performing Test CMAKE_HAVE_LIBC_PTHREAD
[1.274s] -- Performing Test CMAKE_HAVE_LIBC_PTHREAD - Success
[1.275s] -- Found Threads: TRUE  
[1.279s] -- Found ament_lint_auto: 0.12.12 (/opt/ros/humble/share/ament_lint_auto/cmake)
[1.299s] -- Configuring done
[1.314s] -- Generating done
[1.322s] -- Build files have been written to: /root/Humble/Zero2RoboticArm-6_DOF_Robotic_Arm_MicroROS_ROS2/brainswarm_ws/build/srdfdom
[1.330s] Invoked command in '/root/Humble/Zero2RoboticArm-6_DOF_Robotic_Arm_MicroROS_ROS2/brainswarm_ws/build/srdfdom' returned '0': CMAKE_PREFIX_PATH=/opt/ros/humble /usr/bin/cmake /root/Humble/Zero2RoboticArm-6_DOF_Robotic_Arm_MicroROS_ROS2/brainswarm_ws/src/srdfdom-2.0.4 -DCMAKE_INSTALL_PREFIX=/root/Humble/Zero2RoboticArm-6_DOF_Robotic_Arm_MicroROS_ROS2/brainswarm_ws/install/srdfdom
[1.332s] Invoking command in '/root/Humble/Zero2RoboticArm-6_DOF_Robotic_Arm_MicroROS_ROS2/brainswarm_ws/build/srdfdom': CMAKE_PREFIX_PATH=/opt/ros/humble /usr/bin/cmake --build /root/Humble/Zero2RoboticArm-6_DOF_Robotic_Arm_MicroROS_ROS2/brainswarm_ws/build/srdfdom -- -j8 -l8
[1.387s] [  9%] [32mBuilding CXX object CMakeFiles/srdfdom.dir/src/srdf_writer.cpp.o[0m
[1.387s] [ 36%] [32mBuilding CXX object CMakeFiles/srdfdom.dir/src/model.cpp.o[0m
[1.388s] [ 36%] [32mBuilding CXX object gtest/CMakeFiles/gtest.dir/src/gtest-all.cc.o[0m
[1.388s] [ 36%] [32mBuilding CXX object gtest/CMakeFiles/gtest_main.dir/src/gtest_main.cc.o[0m
[1.401s] [ 36%] Built target ament_cmake_python_copy_srdfdom
[1.686s] running egg_info
[1.687s] creating srdfdom.egg-info
[1.687s] writing srdfdom.egg-info/PKG-INFO
[1.687s] writing dependency_links to srdfdom.egg-info/dependency_links.txt
[1.687s] writing top-level names to srdfdom.egg-info/top_level.txt
[1.688s] writing manifest file 'srdfdom.egg-info/SOURCES.txt'
[1.690s] reading manifest file 'srdfdom.egg-info/SOURCES.txt'
[1.691s] writing manifest file 'srdfdom.egg-info/SOURCES.txt'
[1.726s] [ 36%] Built target ament_cmake_python_build_srdfdom_egg
[2.479s] [ 45%] [32m[1mLinking CXX static library libgtest_main.a[0m
[2.527s] [ 45%] Built target gtest_main
[3.776s] [ 54%] [32m[1mLinking CXX shared library libsrdfdom.so[0m
[3.935s] [ 54%] Built target srdfdom
[4.549s] [ 63%] [32m[1mLinking CXX static library libgtest.a[0m
[4.605s] [ 63%] Built target gtest
[4.625s] [ 81%] [32mBuilding CXX object CMakeFiles/test_cpp_nl_NL.UTF-8.dir/test/test_parser.cpp.o[0m
[4.625s] [ 81%] [32mBuilding CXX object CMakeFiles/test_cpp_C.dir/test/test_parser.cpp.o[0m
[5.961s] [100%] [32m[1mLinking CXX executable test_cpp_C[0m
[5.961s] [100%] [32m[1mLinking CXX executable test_cpp_nl_NL.UTF-8[0m
[6.150s] [100%] Built target test_cpp_nl_NL.UTF-8
[6.150s] [100%] Built target test_cpp_C
[6.161s] Invoked command in '/root/Humble/Zero2RoboticArm-6_DOF_Robotic_Arm_MicroROS_ROS2/brainswarm_ws/build/srdfdom' returned '0': CMAKE_PREFIX_PATH=/opt/ros/humble /usr/bin/cmake --build /root/Humble/Zero2RoboticArm-6_DOF_Robotic_Arm_MicroROS_ROS2/brainswarm_ws/build/srdfdom -- -j8 -l8
[6.162s] Invoking command in '/root/Humble/Zero2RoboticArm-6_DOF_Robotic_Arm_MicroROS_ROS2/brainswarm_ws/build/srdfdom': CMAKE_PREFIX_PATH=/opt/ros/humble /usr/bin/cmake --install /root/Humble/Zero2RoboticArm-6_DOF_Robotic_Arm_MicroROS_ROS2/brainswarm_ws/build/srdfdom
[6.170s] -- Install configuration: ""
[6.170s] -- Installing: /root/Humble/Zero2RoboticArm-6_DOF_Robotic_Arm_MicroROS_ROS2/brainswarm_ws/install/srdfdom/lib/libsrdfdom.so.2.0.4
[6.172s] -- Set runtime path of "/root/Humble/Zero2RoboticArm-6_DOF_Robotic_Arm_MicroROS_ROS2/brainswarm_ws/install/srdfdom/lib/libsrdfdom.so.2.0.4" to ""
[6.172s] -- Installing: /root/Humble/Zero2RoboticArm-6_DOF_Robotic_Arm_MicroROS_ROS2/brainswarm_ws/install/srdfdom/lib/libsrdfdom.so
[6.172s] -- Installing: /root/Humble/Zero2RoboticArm-6_DOF_Robotic_Arm_MicroROS_ROS2/brainswarm_ws/install/srdfdom/include/srdfdom
[6.172s] -- Installing: /root/Humble/Zero2RoboticArm-6_DOF_Robotic_Arm_MicroROS_ROS2/brainswarm_ws/install/srdfdom/include/srdfdom/visibility_control.h
[6.172s] -- Installing: /root/Humble/Zero2RoboticArm-6_DOF_Robotic_Arm_MicroROS_ROS2/brainswarm_ws/install/srdfdom/include/srdfdom/model.h
[6.172s] -- Installing: /root/Humble/Zero2RoboticArm-6_DOF_Robotic_Arm_MicroROS_ROS2/brainswarm_ws/install/srdfdom/include/srdfdom/srdf_writer.h
[6.173s] -- Installing: /root/Humble/Zero2RoboticArm-6_DOF_Robotic_Arm_MicroROS_ROS2/brainswarm_ws/install/srdfdom/lib/srdfdom/display_srdf
[6.173s] -- Installing: /root/Humble/Zero2RoboticArm-6_DOF_Robotic_Arm_MicroROS_ROS2/brainswarm_ws/install/srdfdom/share/srdfdom/environment/pythonpath.sh
[6.173s] -- Installing: /root/Humble/Zero2RoboticArm-6_DOF_Robotic_Arm_MicroROS_ROS2/brainswarm_ws/install/srdfdom/share/srdfdom/environment/pythonpath.dsv
[6.174s] -- Installing: /root/Humble/Zero2RoboticArm-6_DOF_Robotic_Arm_MicroROS_ROS2/brainswarm_ws/install/srdfdom/local/lib/python3.10/dist-packages/srdfdom-2.0.4-py3.10.egg-info
[6.174s] -- Installing: /root/Humble/Zero2RoboticArm-6_DOF_Robotic_Arm_MicroROS_ROS2/brainswarm_ws/install/srdfdom/local/lib/python3.10/dist-packages/srdfdom-2.0.4-py3.10.egg-info/dependency_links.txt
[6.174s] -- Installing: /root/Humble/Zero2RoboticArm-6_DOF_Robotic_Arm_MicroROS_ROS2/brainswarm_ws/install/srdfdom/local/lib/python3.10/dist-packages/srdfdom-2.0.4-py3.10.egg-info/PKG-INFO
[6.174s] -- Installing: /root/Humble/Zero2RoboticArm-6_DOF_Robotic_Arm_MicroROS_ROS2/brainswarm_ws/install/srdfdom/local/lib/python3.10/dist-packages/srdfdom-2.0.4-py3.10.egg-info/top_level.txt
[6.174s] -- Installing: /root/Humble/Zero2RoboticArm-6_DOF_Robotic_Arm_MicroROS_ROS2/brainswarm_ws/install/srdfdom/local/lib/python3.10/dist-packages/srdfdom-2.0.4-py3.10.egg-info/SOURCES.txt
[6.174s] -- Installing: /root/Humble/Zero2RoboticArm-6_DOF_Robotic_Arm_MicroROS_ROS2/brainswarm_ws/install/srdfdom/local/lib/python3.10/dist-packages/srdfdom
[6.175s] -- Installing: /root/Humble/Zero2RoboticArm-6_DOF_Robotic_Arm_MicroROS_ROS2/brainswarm_ws/install/srdfdom/local/lib/python3.10/dist-packages/srdfdom/srdf.py
[6.175s] -- Installing: /root/Humble/Zero2RoboticArm-6_DOF_Robotic_Arm_MicroROS_ROS2/brainswarm_ws/install/srdfdom/local/lib/python3.10/dist-packages/srdfdom/__init__.py
[6.209s] Listing '/root/Humble/Zero2RoboticArm-6_DOF_Robotic_Arm_MicroROS_ROS2/brainswarm_ws/install/srdfdom/local/lib/python3.10/dist-packages/srdfdom'...
[6.209s] Compiling '/root/Humble/Zero2RoboticArm-6_DOF_Robotic_Arm_MicroROS_ROS2/brainswarm_ws/install/srdfdom/local/lib/python3.10/dist-packages/srdfdom/__init__.py'...
[6.209s] Compiling '/root/Humble/Zero2RoboticArm-6_DOF_Robotic_Arm_MicroROS_ROS2/brainswarm_ws/install/srdfdom/local/lib/python3.10/dist-packages/srdfdom/srdf.py'...
[6.215s] -- Installing: /root/Humble/Zero2RoboticArm-6_DOF_Robotic_Arm_MicroROS_ROS2/brainswarm_ws/install/srdfdom/share/srdfdom/environment/library_path.sh
[6.215s] -- Installing: /root/Humble/Zero2RoboticArm-6_DOF_Robotic_Arm_MicroROS_ROS2/brainswarm_ws/install/srdfdom/share/srdfdom/environment/library_path.dsv
[6.216s] -- Installing: /root/Humble/Zero2RoboticArm-6_DOF_Robotic_Arm_MicroROS_ROS2/brainswarm_ws/install/srdfdom/share/ament_index/resource_index/package_run_dependencies/srdfdom
[6.216s] -- Installing: /root/Humble/Zero2RoboticArm-6_DOF_Robotic_Arm_MicroROS_ROS2/brainswarm_ws/install/srdfdom/share/ament_index/resource_index/parent_prefix_path/srdfdom
[6.216s] -- Installing: /root/Humble/Zero2RoboticArm-6_DOF_Robotic_Arm_MicroROS_ROS2/brainswarm_ws/install/srdfdom/share/srdfdom/environment/ament_prefix_path.sh
[6.216s] -- Installing: /root/Humble/Zero2RoboticArm-6_DOF_Robotic_Arm_MicroROS_ROS2/brainswarm_ws/install/srdfdom/share/srdfdom/environment/ament_prefix_path.dsv
[6.216s] -- Installing: /root/Humble/Zero2RoboticArm-6_DOF_Robotic_Arm_MicroROS_ROS2/brainswarm_ws/install/srdfdom/share/srdfdom/environment/path.sh
[6.217s] -- Installing: /root/Humble/Zero2RoboticArm-6_DOF_Robotic_Arm_MicroROS_ROS2/brainswarm_ws/install/srdfdom/share/srdfdom/environment/path.dsv
[6.217s] -- Installing: /root/Humble/Zero2RoboticArm-6_DOF_Robotic_Arm_MicroROS_ROS2/brainswarm_ws/install/srdfdom/share/srdfdom/local_setup.bash
[6.217s] -- Installing: /root/Humble/Zero2RoboticArm-6_DOF_Robotic_Arm_MicroROS_ROS2/brainswarm_ws/install/srdfdom/share/srdfdom/local_setup.sh
[6.217s] -- Installing: /root/Humble/Zero2RoboticArm-6_DOF_Robotic_Arm_MicroROS_ROS2/brainswarm_ws/install/srdfdom/share/srdfdom/local_setup.zsh
[6.217s] -- Installing: /root/Humble/Zero2RoboticArm-6_DOF_Robotic_Arm_MicroROS_ROS2/brainswarm_ws/install/srdfdom/share/srdfdom/local_setup.dsv
[6.217s] -- Installing: /root/Humble/Zero2RoboticArm-6_DOF_Robotic_Arm_MicroROS_ROS2/brainswarm_ws/install/srdfdom/share/srdfdom/package.dsv
[6.218s] -- Installing: /root/Humble/Zero2RoboticArm-6_DOF_Robotic_Arm_MicroROS_ROS2/brainswarm_ws/install/srdfdom/share/ament_index/resource_index/packages/srdfdom
[6.218s] -- Installing: /root/Humble/Zero2RoboticArm-6_DOF_Robotic_Arm_MicroROS_ROS2/brainswarm_ws/install/srdfdom/share/srdfdom/cmake/srdfdomTargetsExport.cmake
[6.218s] -- Installing: /root/Humble/Zero2RoboticArm-6_DOF_Robotic_Arm_MicroROS_ROS2/brainswarm_ws/install/srdfdom/share/srdfdom/cmake/srdfdomTargetsExport-noconfig.cmake
[6.218s] -- Installing: /root/Humble/Zero2RoboticArm-6_DOF_Robotic_Arm_MicroROS_ROS2/brainswarm_ws/install/srdfdom/share/srdfdom/cmake/ament_cmake_export_targets-extras.cmake
[6.218s] -- Installing: /root/Humble/Zero2RoboticArm-6_DOF_Robotic_Arm_MicroROS_ROS2/brainswarm_ws/install/srdfdom/share/srdfdom/cmake/ament_cmake_export_dependencies-extras.cmake
[6.219s] -- Installing: /root/Humble/Zero2RoboticArm-6_DOF_Robotic_Arm_MicroROS_ROS2/brainswarm_ws/install/srdfdom/share/srdfdom/cmake/srdfdomConfig.cmake
[6.219s] -- Installing: /root/Humble/Zero2RoboticArm-6_DOF_Robotic_Arm_MicroROS_ROS2/brainswarm_ws/install/srdfdom/share/srdfdom/cmake/srdfdomConfig-version.cmake
[6.219s] -- Installing: /root/Humble/Zero2RoboticArm-6_DOF_Robotic_Arm_MicroROS_ROS2/brainswarm_ws/install/srdfdom/share/srdfdom/package.xml
[6.221s] Invoked command in '/root/Humble/Zero2RoboticArm-6_DOF_Robotic_Arm_MicroROS_ROS2/brainswarm_ws/build/srdfdom' returned '0': CMAKE_PREFIX_PATH=/opt/ros/humble /usr/bin/cmake --install /root/Humble/Zero2RoboticArm-6_DOF_Robotic_Arm_MicroROS_ROS2/brainswarm_ws/build/srdfdom
