[0.025s] Invoking command in '/home/muneeb/Documents/Zero2RoboticArm-6_DOF_Robotic_Arm_MicroROS_ROS2/brainswarm_ws/build/brainswarm_robotic_arm': CMAKE_PREFIX_PATH=/opt/ros/humble /usr/bin/cmake --build /home/muneeb/Documents/Zero2RoboticArm-6_DOF_Robotic_Arm_MicroROS_ROS2/brainswarm_ws/build/brainswarm_robotic_arm -- -j8 -l8
[0.078s] Invoked command in '/home/muneeb/Documents/Zero2RoboticArm-6_DOF_Robotic_Arm_MicroROS_ROS2/brainswarm_ws/build/brainswarm_robotic_arm' returned '0': CMAKE_PREFIX_PATH=/opt/ros/humble /usr/bin/cmake --build /home/muneeb/Documents/Zero2RoboticArm-6_DOF_Robotic_Arm_MicroROS_ROS2/brainswarm_ws/build/brainswarm_robotic_arm -- -j8 -l8
[0.114s] Invoking command in '/home/muneeb/Documents/Zero2RoboticArm-6_DOF_Robotic_Arm_MicroROS_ROS2/brainswarm_ws/build/brainswarm_robotic_arm': CMAKE_PREFIX_PATH=/opt/ros/humble /usr/bin/cmake --install /home/muneeb/Documents/Zero2RoboticArm-6_DOF_Robotic_Arm_MicroROS_ROS2/brainswarm_ws/build/brainswarm_robotic_arm
[0.139s] -- Install configuration: ""
[0.140s] -- Up-to-date: /home/muneeb/Documents/Zero2RoboticArm-6_DOF_Robotic_Arm_MicroROS_ROS2/brainswarm_ws/install/brainswarm_robotic_arm/lib/brainswarm_robotic_arm/trajectory_controller
[0.140s] -- Up-to-date: /home/muneeb/Documents/Zero2RoboticArm-6_DOF_Robotic_Arm_MicroROS_ROS2/brainswarm_ws/install/brainswarm_robotic_arm/lib/brainswarm_robotic_arm/gripper_trajectory_controller
[0.140s] -- Up-to-date: /home/muneeb/Documents/Zero2RoboticArm-6_DOF_Robotic_Arm_MicroROS_ROS2/brainswarm_ws/install/brainswarm_robotic_arm/share/brainswarm_robotic_arm//config
[0.140s] -- Up-to-date: /home/muneeb/Documents/Zero2RoboticArm-6_DOF_Robotic_Arm_MicroROS_ROS2/brainswarm_ws/install/brainswarm_robotic_arm/share/brainswarm_robotic_arm//config/ros_gz_bridge.yaml
[0.140s] -- Up-to-date: /home/muneeb/Documents/Zero2RoboticArm-6_DOF_Robotic_Arm_MicroROS_ROS2/brainswarm_ws/install/brainswarm_robotic_arm/share/brainswarm_robotic_arm//config/real_robotic_arm_controllers.yaml
[0.140s] -- Up-to-date: /home/muneeb/Documents/Zero2RoboticArm-6_DOF_Robotic_Arm_MicroROS_ROS2/brainswarm_ws/install/brainswarm_robotic_arm/share/brainswarm_robotic_arm//config/brainswarm_robotic_arm_controllers.yaml
[0.140s] -- Up-to-date: /home/muneeb/Documents/Zero2RoboticArm-6_DOF_Robotic_Arm_MicroROS_ROS2/brainswarm_ws/install/brainswarm_robotic_arm/share/brainswarm_robotic_arm//meshes
[0.140s] -- Up-to-date: /home/muneeb/Documents/Zero2RoboticArm-6_DOF_Robotic_Arm_MicroROS_ROS2/brainswarm_ws/install/brainswarm_robotic_arm/share/brainswarm_robotic_arm//meshes/gripper_right_arm.STL
[0.140s] -- Up-to-date: /home/muneeb/Documents/Zero2RoboticArm-6_DOF_Robotic_Arm_MicroROS_ROS2/brainswarm_ws/install/brainswarm_robotic_arm/share/brainswarm_robotic_arm//meshes/link_2.STL
[0.140s] -- Up-to-date: /home/muneeb/Documents/Zero2RoboticArm-6_DOF_Robotic_Arm_MicroROS_ROS2/brainswarm_ws/install/brainswarm_robotic_arm/share/brainswarm_robotic_arm//meshes/gripper_body.STL
[0.140s] -- Up-to-date: /home/muneeb/Documents/Zero2RoboticArm-6_DOF_Robotic_Arm_MicroROS_ROS2/brainswarm_ws/install/brainswarm_robotic_arm/share/brainswarm_robotic_arm//meshes/link_1.STL
[0.140s] -- Up-to-date: /home/muneeb/Documents/Zero2RoboticArm-6_DOF_Robotic_Arm_MicroROS_ROS2/brainswarm_ws/install/brainswarm_robotic_arm/share/brainswarm_robotic_arm//meshes/gripper_left_arm.STL
[0.140s] -- Up-to-date: /home/muneeb/Documents/Zero2RoboticArm-6_DOF_Robotic_Arm_MicroROS_ROS2/brainswarm_ws/install/brainswarm_robotic_arm/share/brainswarm_robotic_arm//meshes/link_4.STL
[0.140s] -- Up-to-date: /home/muneeb/Documents/Zero2RoboticArm-6_DOF_Robotic_Arm_MicroROS_ROS2/brainswarm_ws/install/brainswarm_robotic_arm/share/brainswarm_robotic_arm//meshes/link_3.STL
[0.140s] -- Up-to-date: /home/muneeb/Documents/Zero2RoboticArm-6_DOF_Robotic_Arm_MicroROS_ROS2/brainswarm_ws/install/brainswarm_robotic_arm/share/brainswarm_robotic_arm//meshes/gripper_left_wing.STL
[0.140s] -- Up-to-date: /home/muneeb/Documents/Zero2RoboticArm-6_DOF_Robotic_Arm_MicroROS_ROS2/brainswarm_ws/install/brainswarm_robotic_arm/share/brainswarm_robotic_arm//meshes/gripper_right_wing.STL
[0.140s] -- Up-to-date: /home/muneeb/Documents/Zero2RoboticArm-6_DOF_Robotic_Arm_MicroROS_ROS2/brainswarm_ws/install/brainswarm_robotic_arm/share/brainswarm_robotic_arm//meshes/base_link.STL
[0.141s] -- Up-to-date: /home/muneeb/Documents/Zero2RoboticArm-6_DOF_Robotic_Arm_MicroROS_ROS2/brainswarm_ws/install/brainswarm_robotic_arm/share/brainswarm_robotic_arm//launch
[0.141s] -- Up-to-date: /home/muneeb/Documents/Zero2RoboticArm-6_DOF_Robotic_Arm_MicroROS_ROS2/brainswarm_ws/install/brainswarm_robotic_arm/share/brainswarm_robotic_arm//launch/real_hardware.launch.py
[0.141s] -- Installing: /home/muneeb/Documents/Zero2RoboticArm-6_DOF_Robotic_Arm_MicroROS_ROS2/brainswarm_ws/install/brainswarm_robotic_arm/share/brainswarm_robotic_arm//launch/simulation.launch.py
[0.141s] -- Up-to-date: /home/muneeb/Documents/Zero2RoboticArm-6_DOF_Robotic_Arm_MicroROS_ROS2/brainswarm_ws/install/brainswarm_robotic_arm/share/brainswarm_robotic_arm//scripts
[0.142s] -- Up-to-date: /home/muneeb/Documents/Zero2RoboticArm-6_DOF_Robotic_Arm_MicroROS_ROS2/brainswarm_ws/install/brainswarm_robotic_arm/share/brainswarm_robotic_arm//scripts/trajectory_controller
[0.142s] -- Up-to-date: /home/muneeb/Documents/Zero2RoboticArm-6_DOF_Robotic_Arm_MicroROS_ROS2/brainswarm_ws/install/brainswarm_robotic_arm/share/brainswarm_robotic_arm//scripts/gripper_trajectory_controller
[0.142s] -- Up-to-date: /home/muneeb/Documents/Zero2RoboticArm-6_DOF_Robotic_Arm_MicroROS_ROS2/brainswarm_ws/install/brainswarm_robotic_arm/share/brainswarm_robotic_arm//urdf
[0.142s] -- Up-to-date: /home/muneeb/Documents/Zero2RoboticArm-6_DOF_Robotic_Arm_MicroROS_ROS2/brainswarm_ws/install/brainswarm_robotic_arm/share/brainswarm_robotic_arm//urdf/brainswarm_robotic_arm.urdf.xacro
[0.142s] -- Up-to-date: /home/muneeb/Documents/Zero2RoboticArm-6_DOF_Robotic_Arm_MicroROS_ROS2/brainswarm_ws/install/brainswarm_robotic_arm/share/brainswarm_robotic_arm//urdf/brainswarm_robotic_arm.urdf
[0.142s] -- Up-to-date: /home/muneeb/Documents/Zero2RoboticArm-6_DOF_Robotic_Arm_MicroROS_ROS2/brainswarm_ws/install/brainswarm_robotic_arm/share/brainswarm_robotic_arm//urdf/real_hardware.urdf.xacro
[0.142s] -- Up-to-date: /home/muneeb/Documents/Zero2RoboticArm-6_DOF_Robotic_Arm_MicroROS_ROS2/brainswarm_ws/install/brainswarm_robotic_arm/share/brainswarm_robotic_arm//urdf/brainswarm_robotic_arm.csv
[0.142s] -- Up-to-date: /home/muneeb/Documents/Zero2RoboticArm-6_DOF_Robotic_Arm_MicroROS_ROS2/brainswarm_ws/install/brainswarm_robotic_arm/share/ament_index/resource_index/package_run_dependencies/brainswarm_robotic_arm
[0.142s] -- Up-to-date: /home/muneeb/Documents/Zero2RoboticArm-6_DOF_Robotic_Arm_MicroROS_ROS2/brainswarm_ws/install/brainswarm_robotic_arm/share/ament_index/resource_index/parent_prefix_path/brainswarm_robotic_arm
[0.142s] -- Up-to-date: /home/muneeb/Documents/Zero2RoboticArm-6_DOF_Robotic_Arm_MicroROS_ROS2/brainswarm_ws/install/brainswarm_robotic_arm/share/brainswarm_robotic_arm/environment/ament_prefix_path.sh
[0.142s] -- Up-to-date: /home/muneeb/Documents/Zero2RoboticArm-6_DOF_Robotic_Arm_MicroROS_ROS2/brainswarm_ws/install/brainswarm_robotic_arm/share/brainswarm_robotic_arm/environment/ament_prefix_path.dsv
[0.143s] -- Up-to-date: /home/muneeb/Documents/Zero2RoboticArm-6_DOF_Robotic_Arm_MicroROS_ROS2/brainswarm_ws/install/brainswarm_robotic_arm/share/brainswarm_robotic_arm/environment/path.sh
[0.143s] -- Up-to-date: /home/muneeb/Documents/Zero2RoboticArm-6_DOF_Robotic_Arm_MicroROS_ROS2/brainswarm_ws/install/brainswarm_robotic_arm/share/brainswarm_robotic_arm/environment/path.dsv
[0.143s] -- Up-to-date: /home/muneeb/Documents/Zero2RoboticArm-6_DOF_Robotic_Arm_MicroROS_ROS2/brainswarm_ws/install/brainswarm_robotic_arm/share/brainswarm_robotic_arm/local_setup.bash
[0.143s] -- Up-to-date: /home/muneeb/Documents/Zero2RoboticArm-6_DOF_Robotic_Arm_MicroROS_ROS2/brainswarm_ws/install/brainswarm_robotic_arm/share/brainswarm_robotic_arm/local_setup.sh
[0.143s] -- Up-to-date: /home/muneeb/Documents/Zero2RoboticArm-6_DOF_Robotic_Arm_MicroROS_ROS2/brainswarm_ws/install/brainswarm_robotic_arm/share/brainswarm_robotic_arm/local_setup.zsh
[0.143s] -- Up-to-date: /home/muneeb/Documents/Zero2RoboticArm-6_DOF_Robotic_Arm_MicroROS_ROS2/brainswarm_ws/install/brainswarm_robotic_arm/share/brainswarm_robotic_arm/local_setup.dsv
[0.143s] -- Up-to-date: /home/muneeb/Documents/Zero2RoboticArm-6_DOF_Robotic_Arm_MicroROS_ROS2/brainswarm_ws/install/brainswarm_robotic_arm/share/brainswarm_robotic_arm/package.dsv
[0.143s] -- Up-to-date: /home/muneeb/Documents/Zero2RoboticArm-6_DOF_Robotic_Arm_MicroROS_ROS2/brainswarm_ws/install/brainswarm_robotic_arm/share/ament_index/resource_index/packages/brainswarm_robotic_arm
[0.144s] -- Up-to-date: /home/muneeb/Documents/Zero2RoboticArm-6_DOF_Robotic_Arm_MicroROS_ROS2/brainswarm_ws/install/brainswarm_robotic_arm/share/brainswarm_robotic_arm/cmake/brainswarm_robotic_armConfig.cmake
[0.145s] -- Up-to-date: /home/muneeb/Documents/Zero2RoboticArm-6_DOF_Robotic_Arm_MicroROS_ROS2/brainswarm_ws/install/brainswarm_robotic_arm/share/brainswarm_robotic_arm/cmake/brainswarm_robotic_armConfig-version.cmake
[0.145s] -- Up-to-date: /home/muneeb/Documents/Zero2RoboticArm-6_DOF_Robotic_Arm_MicroROS_ROS2/brainswarm_ws/install/brainswarm_robotic_arm/share/brainswarm_robotic_arm/package.xml
[0.165s] Invoked command in '/home/muneeb/Documents/Zero2RoboticArm-6_DOF_Robotic_Arm_MicroROS_ROS2/brainswarm_ws/build/brainswarm_robotic_arm' returned '0': CMAKE_PREFIX_PATH=/opt/ros/humble /usr/bin/cmake --install /home/muneeb/Documents/Zero2RoboticArm-6_DOF_Robotic_Arm_MicroROS_ROS2/brainswarm_ws/build/brainswarm_robotic_arm
