[0.021s] Invoking command in '/root/Humble/Zero2RoboticArm-6_DOF_Robotic_Arm_MicroROS_ROS2/brainswarm_ws/build/brainswarm_robotic_arm': CMAKE_PREFIX_PATH=/opt/ros/humble /usr/bin/cmake /root/Humble/Zero2RoboticArm-6_DOF_Robotic_Arm_MicroROS_ROS2/brainswarm_ws/src/brainswarm_robotic_arm -DCMAKE_INSTALL_PREFIX=/root/Humble/Zero2RoboticArm-6_DOF_Robotic_Arm_MicroROS_ROS2/brainswarm_ws/install/brainswarm_robotic_arm
[0.079s] -- The C compiler identification is GNU 11.4.0
[0.140s] -- The CXX compiler identification is GNU 11.4.0
[0.147s] -- Detecting C compiler ABI info
[0.218s] -- Detecting C compiler ABI info - done
[0.226s] -- Check for working C compiler: /usr/bin/cc - skipped
[0.226s] -- Detecting C compile features
[0.226s] -- Detecting C compile features - done
[0.231s] -- Detecting CXX compiler ABI info
[0.317s] -- Detecting CXX compiler ABI info - done
[0.330s] -- Check for working CXX compiler: /usr/bin/c++ - skipped
[0.331s] -- Detecting CXX compile features
[0.331s] -- Detecting CXX compile features - done
[0.334s] -- Found ament_cmake: 1.3.11 (/opt/ros/humble/share/ament_cmake/cmake)
[0.487s] -- Found Python3: /usr/bin/python3 (found version "3.10.12") found components: Interpreter 
[0.588s] -- Found ament_lint_auto: 0.12.12 (/opt/ros/humble/share/ament_lint_auto/cmake)
[0.682s] -- Added test 'flake8' to check Python code syntax and style conventions
[0.682s] -- Added test 'lint_cmake' to check CMake code style
[0.683s] -- Added test 'pep257' to check Python code against some of the docstring style conventions in PEP 257
[0.686s] -- Added test 'xmllint' to check XML markup files
[0.687s] -- Configuring done
[0.690s] -- Generating done
[0.692s] -- Build files have been written to: /root/Humble/Zero2RoboticArm-6_DOF_Robotic_Arm_MicroROS_ROS2/brainswarm_ws/build/brainswarm_robotic_arm
[0.697s] Invoked command in '/root/Humble/Zero2RoboticArm-6_DOF_Robotic_Arm_MicroROS_ROS2/brainswarm_ws/build/brainswarm_robotic_arm' returned '0': CMAKE_PREFIX_PATH=/opt/ros/humble /usr/bin/cmake /root/Humble/Zero2RoboticArm-6_DOF_Robotic_Arm_MicroROS_ROS2/brainswarm_ws/src/brainswarm_robotic_arm -DCMAKE_INSTALL_PREFIX=/root/Humble/Zero2RoboticArm-6_DOF_Robotic_Arm_MicroROS_ROS2/brainswarm_ws/install/brainswarm_robotic_arm
[0.700s] Invoking command in '/root/Humble/Zero2RoboticArm-6_DOF_Robotic_Arm_MicroROS_ROS2/brainswarm_ws/build/brainswarm_robotic_arm': CMAKE_PREFIX_PATH=/opt/ros/humble /usr/bin/cmake --build /root/Humble/Zero2RoboticArm-6_DOF_Robotic_Arm_MicroROS_ROS2/brainswarm_ws/build/brainswarm_robotic_arm -- -j8 -l8
[0.739s] Invoked command in '/root/Humble/Zero2RoboticArm-6_DOF_Robotic_Arm_MicroROS_ROS2/brainswarm_ws/build/brainswarm_robotic_arm' returned '0': CMAKE_PREFIX_PATH=/opt/ros/humble /usr/bin/cmake --build /root/Humble/Zero2RoboticArm-6_DOF_Robotic_Arm_MicroROS_ROS2/brainswarm_ws/build/brainswarm_robotic_arm -- -j8 -l8
[0.750s] Invoking command in '/root/Humble/Zero2RoboticArm-6_DOF_Robotic_Arm_MicroROS_ROS2/brainswarm_ws/build/brainswarm_robotic_arm': CMAKE_PREFIX_PATH=/opt/ros/humble /usr/bin/cmake --install /root/Humble/Zero2RoboticArm-6_DOF_Robotic_Arm_MicroROS_ROS2/brainswarm_ws/build/brainswarm_robotic_arm
[0.757s] -- Install configuration: ""
[0.757s] -- Installing: /root/Humble/Zero2RoboticArm-6_DOF_Robotic_Arm_MicroROS_ROS2/brainswarm_ws/install/brainswarm_robotic_arm/lib/brainswarm_robotic_arm/trajectory_controller
[0.757s] -- Installing: /root/Humble/Zero2RoboticArm-6_DOF_Robotic_Arm_MicroROS_ROS2/brainswarm_ws/install/brainswarm_robotic_arm/lib/brainswarm_robotic_arm/gripper_trajectory_controller
[0.758s] -- Installing: /root/Humble/Zero2RoboticArm-6_DOF_Robotic_Arm_MicroROS_ROS2/brainswarm_ws/install/brainswarm_robotic_arm/share/brainswarm_robotic_arm//config
[0.758s] -- Installing: /root/Humble/Zero2RoboticArm-6_DOF_Robotic_Arm_MicroROS_ROS2/brainswarm_ws/install/brainswarm_robotic_arm/share/brainswarm_robotic_arm//config/real_robotic_arm_controllers.yaml
[0.758s] -- Installing: /root/Humble/Zero2RoboticArm-6_DOF_Robotic_Arm_MicroROS_ROS2/brainswarm_ws/install/brainswarm_robotic_arm/share/brainswarm_robotic_arm//config/ros_gz_bridge.yaml
[0.758s] -- Installing: /root/Humble/Zero2RoboticArm-6_DOF_Robotic_Arm_MicroROS_ROS2/brainswarm_ws/install/brainswarm_robotic_arm/share/brainswarm_robotic_arm//config/brainswarm_robotic_arm_controllers.yaml
[0.758s] -- Installing: /root/Humble/Zero2RoboticArm-6_DOF_Robotic_Arm_MicroROS_ROS2/brainswarm_ws/install/brainswarm_robotic_arm/share/brainswarm_robotic_arm//meshes
[0.758s] -- Installing: /root/Humble/Zero2RoboticArm-6_DOF_Robotic_Arm_MicroROS_ROS2/brainswarm_ws/install/brainswarm_robotic_arm/share/brainswarm_robotic_arm//meshes/gripper_right_wing.STL
[0.759s] -- Installing: /root/Humble/Zero2RoboticArm-6_DOF_Robotic_Arm_MicroROS_ROS2/brainswarm_ws/install/brainswarm_robotic_arm/share/brainswarm_robotic_arm//meshes/link_3.STL
[0.759s] -- Installing: /root/Humble/Zero2RoboticArm-6_DOF_Robotic_Arm_MicroROS_ROS2/brainswarm_ws/install/brainswarm_robotic_arm/share/brainswarm_robotic_arm//meshes/base_link.STL
[0.759s] -- Installing: /root/Humble/Zero2RoboticArm-6_DOF_Robotic_Arm_MicroROS_ROS2/brainswarm_ws/install/brainswarm_robotic_arm/share/brainswarm_robotic_arm//meshes/link_4.STL
[0.759s] -- Installing: /root/Humble/Zero2RoboticArm-6_DOF_Robotic_Arm_MicroROS_ROS2/brainswarm_ws/install/brainswarm_robotic_arm/share/brainswarm_robotic_arm//meshes/gripper_left_arm.STL
[0.759s] -- Installing: /root/Humble/Zero2RoboticArm-6_DOF_Robotic_Arm_MicroROS_ROS2/brainswarm_ws/install/brainswarm_robotic_arm/share/brainswarm_robotic_arm//meshes/gripper_right_arm.STL
[0.760s] -- Installing: /root/Humble/Zero2RoboticArm-6_DOF_Robotic_Arm_MicroROS_ROS2/brainswarm_ws/install/brainswarm_robotic_arm/share/brainswarm_robotic_arm//meshes/gripper_body.STL
[0.760s] -- Installing: /root/Humble/Zero2RoboticArm-6_DOF_Robotic_Arm_MicroROS_ROS2/brainswarm_ws/install/brainswarm_robotic_arm/share/brainswarm_robotic_arm//meshes/link_2.STL
[0.760s] -- Installing: /root/Humble/Zero2RoboticArm-6_DOF_Robotic_Arm_MicroROS_ROS2/brainswarm_ws/install/brainswarm_robotic_arm/share/brainswarm_robotic_arm//meshes/link_1.STL
[0.760s] -- Installing: /root/Humble/Zero2RoboticArm-6_DOF_Robotic_Arm_MicroROS_ROS2/brainswarm_ws/install/brainswarm_robotic_arm/share/brainswarm_robotic_arm//meshes/gripper_left_wing.STL
[0.760s] -- Installing: /root/Humble/Zero2RoboticArm-6_DOF_Robotic_Arm_MicroROS_ROS2/brainswarm_ws/install/brainswarm_robotic_arm/share/brainswarm_robotic_arm//launch
[0.760s] -- Installing: /root/Humble/Zero2RoboticArm-6_DOF_Robotic_Arm_MicroROS_ROS2/brainswarm_ws/install/brainswarm_robotic_arm/share/brainswarm_robotic_arm//launch/simulation.launch.py.bak
[0.760s] -- Installing: /root/Humble/Zero2RoboticArm-6_DOF_Robotic_Arm_MicroROS_ROS2/brainswarm_ws/install/brainswarm_robotic_arm/share/brainswarm_robotic_arm//launch/real_hardware.launch.py
[0.761s] -- Installing: /root/Humble/Zero2RoboticArm-6_DOF_Robotic_Arm_MicroROS_ROS2/brainswarm_ws/install/brainswarm_robotic_arm/share/brainswarm_robotic_arm//launch/simulation.launch.py
[0.761s] -- Installing: /root/Humble/Zero2RoboticArm-6_DOF_Robotic_Arm_MicroROS_ROS2/brainswarm_ws/install/brainswarm_robotic_arm/share/brainswarm_robotic_arm//launch/real_hardware.launch.py.bak
[0.761s] -- Installing: /root/Humble/Zero2RoboticArm-6_DOF_Robotic_Arm_MicroROS_ROS2/brainswarm_ws/install/brainswarm_robotic_arm/share/brainswarm_robotic_arm//scripts
[0.761s] -- Installing: /root/Humble/Zero2RoboticArm-6_DOF_Robotic_Arm_MicroROS_ROS2/brainswarm_ws/install/brainswarm_robotic_arm/share/brainswarm_robotic_arm//scripts/gripper_trajectory_controller
[0.761s] -- Installing: /root/Humble/Zero2RoboticArm-6_DOF_Robotic_Arm_MicroROS_ROS2/brainswarm_ws/install/brainswarm_robotic_arm/share/brainswarm_robotic_arm//scripts/trajectory_controller
[0.761s] -- Installing: /root/Humble/Zero2RoboticArm-6_DOF_Robotic_Arm_MicroROS_ROS2/brainswarm_ws/install/brainswarm_robotic_arm/share/brainswarm_robotic_arm//urdf
[0.762s] -- Installing: /root/Humble/Zero2RoboticArm-6_DOF_Robotic_Arm_MicroROS_ROS2/brainswarm_ws/install/brainswarm_robotic_arm/share/brainswarm_robotic_arm//urdf/brainswarm_robotic_arm.urdf.xacro
[0.762s] -- Installing: /root/Humble/Zero2RoboticArm-6_DOF_Robotic_Arm_MicroROS_ROS2/brainswarm_ws/install/brainswarm_robotic_arm/share/brainswarm_robotic_arm//urdf/real_hardware.urdf.xacro
[0.762s] -- Installing: /root/Humble/Zero2RoboticArm-6_DOF_Robotic_Arm_MicroROS_ROS2/brainswarm_ws/install/brainswarm_robotic_arm/share/brainswarm_robotic_arm//urdf/brainswarm_robotic_arm.urdf
[0.762s] -- Installing: /root/Humble/Zero2RoboticArm-6_DOF_Robotic_Arm_MicroROS_ROS2/brainswarm_ws/install/brainswarm_robotic_arm/share/brainswarm_robotic_arm//urdf/brainswarm_robotic_arm.csv
[0.762s] -- Installing: /root/Humble/Zero2RoboticArm-6_DOF_Robotic_Arm_MicroROS_ROS2/brainswarm_ws/install/brainswarm_robotic_arm/share/ament_index/resource_index/package_run_dependencies/brainswarm_robotic_arm
[0.762s] -- Installing: /root/Humble/Zero2RoboticArm-6_DOF_Robotic_Arm_MicroROS_ROS2/brainswarm_ws/install/brainswarm_robotic_arm/share/ament_index/resource_index/parent_prefix_path/brainswarm_robotic_arm
[0.763s] -- Installing: /root/Humble/Zero2RoboticArm-6_DOF_Robotic_Arm_MicroROS_ROS2/brainswarm_ws/install/brainswarm_robotic_arm/share/brainswarm_robotic_arm/environment/ament_prefix_path.sh
[0.763s] -- Installing: /root/Humble/Zero2RoboticArm-6_DOF_Robotic_Arm_MicroROS_ROS2/brainswarm_ws/install/brainswarm_robotic_arm/share/brainswarm_robotic_arm/environment/ament_prefix_path.dsv
[0.763s] -- Installing: /root/Humble/Zero2RoboticArm-6_DOF_Robotic_Arm_MicroROS_ROS2/brainswarm_ws/install/brainswarm_robotic_arm/share/brainswarm_robotic_arm/environment/path.sh
[0.763s] -- Installing: /root/Humble/Zero2RoboticArm-6_DOF_Robotic_Arm_MicroROS_ROS2/brainswarm_ws/install/brainswarm_robotic_arm/share/brainswarm_robotic_arm/environment/path.dsv
[0.764s] -- Installing: /root/Humble/Zero2RoboticArm-6_DOF_Robotic_Arm_MicroROS_ROS2/brainswarm_ws/install/brainswarm_robotic_arm/share/brainswarm_robotic_arm/local_setup.bash
[0.764s] -- Installing: /root/Humble/Zero2RoboticArm-6_DOF_Robotic_Arm_MicroROS_ROS2/brainswarm_ws/install/brainswarm_robotic_arm/share/brainswarm_robotic_arm/local_setup.sh
[0.764s] -- Installing: /root/Humble/Zero2RoboticArm-6_DOF_Robotic_Arm_MicroROS_ROS2/brainswarm_ws/install/brainswarm_robotic_arm/share/brainswarm_robotic_arm/local_setup.zsh
[0.764s] -- Installing: /root/Humble/Zero2RoboticArm-6_DOF_Robotic_Arm_MicroROS_ROS2/brainswarm_ws/install/brainswarm_robotic_arm/share/brainswarm_robotic_arm/local_setup.dsv
[0.764s] -- Installing: /root/Humble/Zero2RoboticArm-6_DOF_Robotic_Arm_MicroROS_ROS2/brainswarm_ws/install/brainswarm_robotic_arm/share/brainswarm_robotic_arm/package.dsv
[0.764s] -- Installing: /root/Humble/Zero2RoboticArm-6_DOF_Robotic_Arm_MicroROS_ROS2/brainswarm_ws/install/brainswarm_robotic_arm/share/ament_index/resource_index/packages/brainswarm_robotic_arm
[0.765s] -- Installing: /root/Humble/Zero2RoboticArm-6_DOF_Robotic_Arm_MicroROS_ROS2/brainswarm_ws/install/brainswarm_robotic_arm/share/brainswarm_robotic_arm/cmake/brainswarm_robotic_armConfig.cmake
[0.765s] -- Installing: /root/Humble/Zero2RoboticArm-6_DOF_Robotic_Arm_MicroROS_ROS2/brainswarm_ws/install/brainswarm_robotic_arm/share/brainswarm_robotic_arm/cmake/brainswarm_robotic_armConfig-version.cmake
[0.765s] -- Installing: /root/Humble/Zero2RoboticArm-6_DOF_Robotic_Arm_MicroROS_ROS2/brainswarm_ws/install/brainswarm_robotic_arm/share/brainswarm_robotic_arm/package.xml
[0.767s] Invoked command in '/root/Humble/Zero2RoboticArm-6_DOF_Robotic_Arm_MicroROS_ROS2/brainswarm_ws/build/brainswarm_robotic_arm' returned '0': CMAKE_PREFIX_PATH=/opt/ros/humble /usr/bin/cmake --install /root/Humble/Zero2RoboticArm-6_DOF_Robotic_Arm_MicroROS_ROS2/brainswarm_ws/build/brainswarm_robotic_arm
