[0.021s] Invoking command in '/home/muneeb/Documents/Zero2RoboticArm-6_DOF_Robotic_Arm_MicroROS_ROS2/brainswarm_ws/build/bras_robot_description': CMAKE_PREFIX_PATH=/opt/ros/humble /usr/bin/cmake /home/muneeb/Documents/Zero2RoboticArm-6_DOF_Robotic_Arm_MicroROS_ROS2/brainswarm_ws/src/bras_robot_description -DCMAKE_INSTALL_PREFIX=/home/muneeb/Documents/Zero2RoboticArm-6_DOF_Robotic_Arm_MicroROS_ROS2/brainswarm_ws/install/bras_robot_description
[0.239s] -- The C compiler identification is GNU 11.4.0
[0.322s] -- The CXX compiler identification is GNU 7.5.0
[0.330s] -- Detecting C compiler ABI info
[0.409s] -- Detecting C compiler ABI info - done
[0.418s] -- Check for working C compiler: /usr/bin/cc - skipped
[0.418s] -- Detecting C compile features
[0.419s] -- Detecting C compile features - done
[0.424s] -- Detecting CXX compiler ABI info
[0.516s] -- Detecting CXX compiler ABI info - done
[0.529s] -- Check for working CXX compiler: /usr/bin/c++ - skipped
[0.529s] -- Detecting CXX compile features
[0.530s] -- Detecting CXX compile features - done
[0.534s] -- Found ament_cmake: 1.3.10 (/opt/ros/humble/share/ament_cmake/cmake)
[0.756s] -- Found Python3: /usr/bin/python3 (found version "3.10.12") found components: Interpreter 
[0.901s] -- Found ament_lint_auto: 0.12.11 (/opt/ros/humble/share/ament_lint_auto/cmake)
[1.069s] -- Added test 'copyright' to check source files copyright and LICENSE
[1.092s] -- Added test 'flake8' to check Python code syntax and style conventions
[1.095s] -- Added test 'lint_cmake' to check CMake code style
[1.097s] -- Added test 'pep257' to check Python code against some of the docstring style conventions in PEP 257
[1.110s] -- Added test 'xmllint' to check XML markup files
[1.111s] -- Configuring done
[1.115s] -- Generating done
[1.117s] -- Build files have been written to: /home/muneeb/Documents/Zero2RoboticArm-6_DOF_Robotic_Arm_MicroROS_ROS2/brainswarm_ws/build/bras_robot_description
[1.124s] Invoked command in '/home/muneeb/Documents/Zero2RoboticArm-6_DOF_Robotic_Arm_MicroROS_ROS2/brainswarm_ws/build/bras_robot_description' returned '0': CMAKE_PREFIX_PATH=/opt/ros/humble /usr/bin/cmake /home/muneeb/Documents/Zero2RoboticArm-6_DOF_Robotic_Arm_MicroROS_ROS2/brainswarm_ws/src/bras_robot_description -DCMAKE_INSTALL_PREFIX=/home/muneeb/Documents/Zero2RoboticArm-6_DOF_Robotic_Arm_MicroROS_ROS2/brainswarm_ws/install/bras_robot_description
[1.127s] Invoking command in '/home/muneeb/Documents/Zero2RoboticArm-6_DOF_Robotic_Arm_MicroROS_ROS2/brainswarm_ws/build/bras_robot_description': CMAKE_PREFIX_PATH=/opt/ros/humble /usr/bin/cmake --build /home/muneeb/Documents/Zero2RoboticArm-6_DOF_Robotic_Arm_MicroROS_ROS2/brainswarm_ws/build/bras_robot_description -- -j8 -l8
