[0.027s] Invoking command in '/home/muneeb/Documents/Zero2RoboticArm-6_DOF_Robotic_Arm_MicroROS_ROS2/brainswarm_ws/build/srdfdom': CMAKE_PREFIX_PATH=/opt/ros/humble /usr/bin/cmake --build /home/muneeb/Documents/Zero2RoboticArm-6_DOF_Robotic_Arm_MicroROS_ROS2/brainswarm_ws/build/srdfdom -- -j8 -l8
[0.066s] [35m[1mConsolidate compiler generated dependencies of target gtest[0m
[0.066s] [35m[1mConsolidate compiler generated dependencies of target gtest_main[0m
[0.066s] [35m[1mConsolidate compiler generated dependencies of target srdfdom[0m
[0.086s] [ 18%] Built target gtest
[0.086s] [ 36%] Built target gtest_main
[0.089s] [ 63%] Built target srdfdom
[0.091s] [ 63%] Built target ament_cmake_python_copy_srdfdom
[0.104s] [35m[1mConsolidate compiler generated dependencies of target test_cpp_nl_NL.UTF-8[0m
[0.104s] [35m[1mConsolidate compiler generated dependencies of target test_cpp_C[0m
[0.129s] [ 81%] Built target test_cpp_C
[0.129s] [100%] Built target test_cpp_nl_NL.UTF-8
[0.409s] running egg_info
[0.409s] writing srdfdom.egg-info/PKG-INFO
[0.409s] writing dependency_links to srdfdom.egg-info/dependency_links.txt
[0.410s] writing top-level names to srdfdom.egg-info/top_level.txt
[0.412s] reading manifest file 'srdfdom.egg-info/SOURCES.txt'
[0.412s] writing manifest file 'srdfdom.egg-info/SOURCES.txt'
[0.443s] [100%] Built target ament_cmake_python_build_srdfdom_egg
[0.454s] Invoked command in '/home/muneeb/Documents/Zero2RoboticArm-6_DOF_Robotic_Arm_MicroROS_ROS2/brainswarm_ws/build/srdfdom' returned '0': CMAKE_PREFIX_PATH=/opt/ros/humble /usr/bin/cmake --build /home/muneeb/Documents/Zero2RoboticArm-6_DOF_Robotic_Arm_MicroROS_ROS2/brainswarm_ws/build/srdfdom -- -j8 -l8
[0.492s] Invoking command in '/home/muneeb/Documents/Zero2RoboticArm-6_DOF_Robotic_Arm_MicroROS_ROS2/brainswarm_ws/build/srdfdom': CMAKE_PREFIX_PATH=/opt/ros/humble /usr/bin/cmake --install /home/muneeb/Documents/Zero2RoboticArm-6_DOF_Robotic_Arm_MicroROS_ROS2/brainswarm_ws/build/srdfdom
[0.499s] -- Install configuration: ""
[0.499s] -- Up-to-date: /home/muneeb/Documents/Zero2RoboticArm-6_DOF_Robotic_Arm_MicroROS_ROS2/brainswarm_ws/install/srdfdom/lib/libsrdfdom.so.2.0.4
[0.499s] -- Up-to-date: /home/muneeb/Documents/Zero2RoboticArm-6_DOF_Robotic_Arm_MicroROS_ROS2/brainswarm_ws/install/srdfdom/lib/libsrdfdom.so
[0.500s] -- Up-to-date: /home/muneeb/Documents/Zero2RoboticArm-6_DOF_Robotic_Arm_MicroROS_ROS2/brainswarm_ws/install/srdfdom/include/srdfdom
[0.500s] -- Up-to-date: /home/muneeb/Documents/Zero2RoboticArm-6_DOF_Robotic_Arm_MicroROS_ROS2/brainswarm_ws/install/srdfdom/include/srdfdom/srdf_writer.h
[0.500s] -- Up-to-date: /home/muneeb/Documents/Zero2RoboticArm-6_DOF_Robotic_Arm_MicroROS_ROS2/brainswarm_ws/install/srdfdom/include/srdfdom/model.h
[0.500s] -- Up-to-date: /home/muneeb/Documents/Zero2RoboticArm-6_DOF_Robotic_Arm_MicroROS_ROS2/brainswarm_ws/install/srdfdom/include/srdfdom/visibility_control.h
[0.500s] -- Up-to-date: /home/muneeb/Documents/Zero2RoboticArm-6_DOF_Robotic_Arm_MicroROS_ROS2/brainswarm_ws/install/srdfdom/lib/srdfdom/display_srdf
[0.500s] -- Up-to-date: /home/muneeb/Documents/Zero2RoboticArm-6_DOF_Robotic_Arm_MicroROS_ROS2/brainswarm_ws/install/srdfdom/share/srdfdom/environment/pythonpath.sh
[0.500s] -- Up-to-date: /home/muneeb/Documents/Zero2RoboticArm-6_DOF_Robotic_Arm_MicroROS_ROS2/brainswarm_ws/install/srdfdom/share/srdfdom/environment/pythonpath.dsv
[0.500s] -- Up-to-date: /home/muneeb/Documents/Zero2RoboticArm-6_DOF_Robotic_Arm_MicroROS_ROS2/brainswarm_ws/install/srdfdom/local/lib/python3.10/dist-packages/srdfdom-2.0.4-py3.10.egg-info
[0.500s] -- Installing: /home/muneeb/Documents/Zero2RoboticArm-6_DOF_Robotic_Arm_MicroROS_ROS2/brainswarm_ws/install/srdfdom/local/lib/python3.10/dist-packages/srdfdom-2.0.4-py3.10.egg-info/top_level.txt
[0.500s] -- Installing: /home/muneeb/Documents/Zero2RoboticArm-6_DOF_Robotic_Arm_MicroROS_ROS2/brainswarm_ws/install/srdfdom/local/lib/python3.10/dist-packages/srdfdom-2.0.4-py3.10.egg-info/dependency_links.txt
[0.500s] -- Installing: /home/muneeb/Documents/Zero2RoboticArm-6_DOF_Robotic_Arm_MicroROS_ROS2/brainswarm_ws/install/srdfdom/local/lib/python3.10/dist-packages/srdfdom-2.0.4-py3.10.egg-info/SOURCES.txt
[0.500s] -- Installing: /home/muneeb/Documents/Zero2RoboticArm-6_DOF_Robotic_Arm_MicroROS_ROS2/brainswarm_ws/install/srdfdom/local/lib/python3.10/dist-packages/srdfdom-2.0.4-py3.10.egg-info/PKG-INFO
[0.501s] -- Up-to-date: /home/muneeb/Documents/Zero2RoboticArm-6_DOF_Robotic_Arm_MicroROS_ROS2/brainswarm_ws/install/srdfdom/local/lib/python3.10/dist-packages/srdfdom
[0.501s] -- Up-to-date: /home/muneeb/Documents/Zero2RoboticArm-6_DOF_Robotic_Arm_MicroROS_ROS2/brainswarm_ws/install/srdfdom/local/lib/python3.10/dist-packages/srdfdom/srdf.py
[0.501s] -- Up-to-date: /home/muneeb/Documents/Zero2RoboticArm-6_DOF_Robotic_Arm_MicroROS_ROS2/brainswarm_ws/install/srdfdom/local/lib/python3.10/dist-packages/srdfdom/__init__.py
[0.531s] Listing '/home/muneeb/Documents/Zero2RoboticArm-6_DOF_Robotic_Arm_MicroROS_ROS2/brainswarm_ws/install/srdfdom/local/lib/python3.10/dist-packages/srdfdom'...
[0.535s] -- Up-to-date: /home/muneeb/Documents/Zero2RoboticArm-6_DOF_Robotic_Arm_MicroROS_ROS2/brainswarm_ws/install/srdfdom/share/srdfdom/environment/library_path.sh
[0.535s] -- Up-to-date: /home/muneeb/Documents/Zero2RoboticArm-6_DOF_Robotic_Arm_MicroROS_ROS2/brainswarm_ws/install/srdfdom/share/srdfdom/environment/library_path.dsv
[0.535s] -- Up-to-date: /home/muneeb/Documents/Zero2RoboticArm-6_DOF_Robotic_Arm_MicroROS_ROS2/brainswarm_ws/install/srdfdom/share/ament_index/resource_index/package_run_dependencies/srdfdom
[0.535s] -- Up-to-date: /home/muneeb/Documents/Zero2RoboticArm-6_DOF_Robotic_Arm_MicroROS_ROS2/brainswarm_ws/install/srdfdom/share/ament_index/resource_index/parent_prefix_path/srdfdom
[0.535s] -- Up-to-date: /home/muneeb/Documents/Zero2RoboticArm-6_DOF_Robotic_Arm_MicroROS_ROS2/brainswarm_ws/install/srdfdom/share/srdfdom/environment/ament_prefix_path.sh
[0.535s] -- Up-to-date: /home/muneeb/Documents/Zero2RoboticArm-6_DOF_Robotic_Arm_MicroROS_ROS2/brainswarm_ws/install/srdfdom/share/srdfdom/environment/ament_prefix_path.dsv
[0.535s] -- Up-to-date: /home/muneeb/Documents/Zero2RoboticArm-6_DOF_Robotic_Arm_MicroROS_ROS2/brainswarm_ws/install/srdfdom/share/srdfdom/environment/path.sh
[0.536s] -- Up-to-date: /home/muneeb/Documents/Zero2RoboticArm-6_DOF_Robotic_Arm_MicroROS_ROS2/brainswarm_ws/install/srdfdom/share/srdfdom/environment/path.dsv
[0.536s] -- Up-to-date: /home/muneeb/Documents/Zero2RoboticArm-6_DOF_Robotic_Arm_MicroROS_ROS2/brainswarm_ws/install/srdfdom/share/srdfdom/local_setup.bash
[0.536s] -- Up-to-date: /home/muneeb/Documents/Zero2RoboticArm-6_DOF_Robotic_Arm_MicroROS_ROS2/brainswarm_ws/install/srdfdom/share/srdfdom/local_setup.sh
[0.536s] -- Up-to-date: /home/muneeb/Documents/Zero2RoboticArm-6_DOF_Robotic_Arm_MicroROS_ROS2/brainswarm_ws/install/srdfdom/share/srdfdom/local_setup.zsh
[0.536s] -- Up-to-date: /home/muneeb/Documents/Zero2RoboticArm-6_DOF_Robotic_Arm_MicroROS_ROS2/brainswarm_ws/install/srdfdom/share/srdfdom/local_setup.dsv
[0.536s] -- Installing: /home/muneeb/Documents/Zero2RoboticArm-6_DOF_Robotic_Arm_MicroROS_ROS2/brainswarm_ws/install/srdfdom/share/srdfdom/package.dsv
[0.536s] -- Up-to-date: /home/muneeb/Documents/Zero2RoboticArm-6_DOF_Robotic_Arm_MicroROS_ROS2/brainswarm_ws/install/srdfdom/share/ament_index/resource_index/packages/srdfdom
[0.536s] -- Up-to-date: /home/muneeb/Documents/Zero2RoboticArm-6_DOF_Robotic_Arm_MicroROS_ROS2/brainswarm_ws/install/srdfdom/share/srdfdom/cmake/srdfdomTargetsExport.cmake
[0.536s] -- Up-to-date: /home/muneeb/Documents/Zero2RoboticArm-6_DOF_Robotic_Arm_MicroROS_ROS2/brainswarm_ws/install/srdfdom/share/srdfdom/cmake/srdfdomTargetsExport-noconfig.cmake
[0.536s] -- Up-to-date: /home/muneeb/Documents/Zero2RoboticArm-6_DOF_Robotic_Arm_MicroROS_ROS2/brainswarm_ws/install/srdfdom/share/srdfdom/cmake/ament_cmake_export_targets-extras.cmake
[0.536s] -- Up-to-date: /home/muneeb/Documents/Zero2RoboticArm-6_DOF_Robotic_Arm_MicroROS_ROS2/brainswarm_ws/install/srdfdom/share/srdfdom/cmake/ament_cmake_export_dependencies-extras.cmake
[0.536s] -- Up-to-date: /home/muneeb/Documents/Zero2RoboticArm-6_DOF_Robotic_Arm_MicroROS_ROS2/brainswarm_ws/install/srdfdom/share/srdfdom/cmake/srdfdomConfig.cmake
[0.536s] -- Up-to-date: /home/muneeb/Documents/Zero2RoboticArm-6_DOF_Robotic_Arm_MicroROS_ROS2/brainswarm_ws/install/srdfdom/share/srdfdom/cmake/srdfdomConfig-version.cmake
[0.536s] -- Up-to-date: /home/muneeb/Documents/Zero2RoboticArm-6_DOF_Robotic_Arm_MicroROS_ROS2/brainswarm_ws/install/srdfdom/share/srdfdom/package.xml
[0.539s] Invoked command in '/home/muneeb/Documents/Zero2RoboticArm-6_DOF_Robotic_Arm_MicroROS_ROS2/brainswarm_ws/build/srdfdom' returned '0': CMAKE_PREFIX_PATH=/opt/ros/humble /usr/bin/cmake --install /home/muneeb/Documents/Zero2RoboticArm-6_DOF_Robotic_Arm_MicroROS_ROS2/brainswarm_ws/build/srdfdom
