[0.012s] Invoking command in '/root/Humble/Zero2RoboticArm-6_DOF_Robotic_Arm_MicroROS_ROS2/brainswarm_ws/build/brainswarm_robotic_arm_moveit_config': AMENT_PREFIX_PATH=/root/Humble/Zero2RoboticArm-6_DOF_Robotic_Arm_MicroROS_ROS2/brainswarm_ws/install/brainswarm_robotic_arm:${AMENT_PREFIX_PATH} CMAKE_PREFIX_PATH=/root/Humble/Zero2RoboticArm-6_DOF_Robotic_Arm_MicroROS_ROS2/brainswarm_ws/install/brainswarm_robotic_arm:/opt/ros/humble /usr/bin/cmake /root/Humble/Zero2RoboticArm-6_DOF_Robotic_Arm_MicroROS_ROS2/brainswarm_ws/src/brainswarm_robotic_arm_moveit_config -DCMAKE_INSTALL_PREFIX=/root/Humble/Zero2RoboticArm-6_DOF_Robotic_Arm_MicroROS_ROS2/brainswarm_ws/install/brainswarm_robotic_arm_moveit_config
[0.069s] -- The C compiler identification is GNU 11.4.0
[0.125s] -- The CXX compiler identification is GNU 11.4.0
[0.133s] -- Detecting C compiler ABI info
[0.203s] -- Detecting C compiler ABI info - done
[0.213s] -- Check for working C compiler: /usr/bin/cc - skipped
[0.213s] -- Detecting C compile features
[0.214s] -- Detecting C compile features - done
[0.217s] -- Detecting CXX compiler ABI info
[0.297s] -- Detecting CXX compiler ABI info - done
[0.304s] -- Check for working CXX compiler: /usr/bin/c++ - skipped
[0.305s] -- Detecting CXX compile features
[0.305s] -- Detecting CXX compile features - done
[0.308s] -- Found ament_cmake: 1.3.11 (/opt/ros/humble/share/ament_cmake/cmake)
[0.460s] -- Found Python3: /usr/bin/python3 (found version "3.10.12") found components: Interpreter 
[0.660s] -- Configuring done
[0.665s] -- Generating done
[0.668s] -- Build files have been written to: /root/Humble/Zero2RoboticArm-6_DOF_Robotic_Arm_MicroROS_ROS2/brainswarm_ws/build/brainswarm_robotic_arm_moveit_config
[0.676s] Invoked command in '/root/Humble/Zero2RoboticArm-6_DOF_Robotic_Arm_MicroROS_ROS2/brainswarm_ws/build/brainswarm_robotic_arm_moveit_config' returned '0': AMENT_PREFIX_PATH=/root/Humble/Zero2RoboticArm-6_DOF_Robotic_Arm_MicroROS_ROS2/brainswarm_ws/install/brainswarm_robotic_arm:${AMENT_PREFIX_PATH} CMAKE_PREFIX_PATH=/root/Humble/Zero2RoboticArm-6_DOF_Robotic_Arm_MicroROS_ROS2/brainswarm_ws/install/brainswarm_robotic_arm:/opt/ros/humble /usr/bin/cmake /root/Humble/Zero2RoboticArm-6_DOF_Robotic_Arm_MicroROS_ROS2/brainswarm_ws/src/brainswarm_robotic_arm_moveit_config -DCMAKE_INSTALL_PREFIX=/root/Humble/Zero2RoboticArm-6_DOF_Robotic_Arm_MicroROS_ROS2/brainswarm_ws/install/brainswarm_robotic_arm_moveit_config
[0.678s] Invoking command in '/root/Humble/Zero2RoboticArm-6_DOF_Robotic_Arm_MicroROS_ROS2/brainswarm_ws/build/brainswarm_robotic_arm_moveit_config': AMENT_PREFIX_PATH=/root/Humble/Zero2RoboticArm-6_DOF_Robotic_Arm_MicroROS_ROS2/brainswarm_ws/install/brainswarm_robotic_arm:${AMENT_PREFIX_PATH} CMAKE_PREFIX_PATH=/root/Humble/Zero2RoboticArm-6_DOF_Robotic_Arm_MicroROS_ROS2/brainswarm_ws/install/brainswarm_robotic_arm:/opt/ros/humble /usr/bin/cmake --build /root/Humble/Zero2RoboticArm-6_DOF_Robotic_Arm_MicroROS_ROS2/brainswarm_ws/build/brainswarm_robotic_arm_moveit_config -- -j8 -l8
[0.741s] Invoked command in '/root/Humble/Zero2RoboticArm-6_DOF_Robotic_Arm_MicroROS_ROS2/brainswarm_ws/build/brainswarm_robotic_arm_moveit_config' returned '0': AMENT_PREFIX_PATH=/root/Humble/Zero2RoboticArm-6_DOF_Robotic_Arm_MicroROS_ROS2/brainswarm_ws/install/brainswarm_robotic_arm:${AMENT_PREFIX_PATH} CMAKE_PREFIX_PATH=/root/Humble/Zero2RoboticArm-6_DOF_Robotic_Arm_MicroROS_ROS2/brainswarm_ws/install/brainswarm_robotic_arm:/opt/ros/humble /usr/bin/cmake --build /root/Humble/Zero2RoboticArm-6_DOF_Robotic_Arm_MicroROS_ROS2/brainswarm_ws/build/brainswarm_robotic_arm_moveit_config -- -j8 -l8
[0.741s] Invoking command in '/root/Humble/Zero2RoboticArm-6_DOF_Robotic_Arm_MicroROS_ROS2/brainswarm_ws/build/brainswarm_robotic_arm_moveit_config': AMENT_PREFIX_PATH=/root/Humble/Zero2RoboticArm-6_DOF_Robotic_Arm_MicroROS_ROS2/brainswarm_ws/install/brainswarm_robotic_arm:${AMENT_PREFIX_PATH} CMAKE_PREFIX_PATH=/root/Humble/Zero2RoboticArm-6_DOF_Robotic_Arm_MicroROS_ROS2/brainswarm_ws/install/brainswarm_robotic_arm:/opt/ros/humble /usr/bin/cmake --install /root/Humble/Zero2RoboticArm-6_DOF_Robotic_Arm_MicroROS_ROS2/brainswarm_ws/build/brainswarm_robotic_arm_moveit_config
[0.753s] -- Install configuration: ""
[0.753s] -- Installing: /root/Humble/Zero2RoboticArm-6_DOF_Robotic_Arm_MicroROS_ROS2/brainswarm_ws/install/brainswarm_robotic_arm_moveit_config/share/ament_index/resource_index/package_run_dependencies/brainswarm_robotic_arm_moveit_config
[0.754s] -- Installing: /root/Humble/Zero2RoboticArm-6_DOF_Robotic_Arm_MicroROS_ROS2/brainswarm_ws/install/brainswarm_robotic_arm_moveit_config/share/ament_index/resource_index/parent_prefix_path/brainswarm_robotic_arm_moveit_config
[0.754s] -- Installing: /root/Humble/Zero2RoboticArm-6_DOF_Robotic_Arm_MicroROS_ROS2/brainswarm_ws/install/brainswarm_robotic_arm_moveit_config/share/brainswarm_robotic_arm_moveit_config/environment/ament_prefix_path.sh
[0.754s] -- Installing: /root/Humble/Zero2RoboticArm-6_DOF_Robotic_Arm_MicroROS_ROS2/brainswarm_ws/install/brainswarm_robotic_arm_moveit_config/share/brainswarm_robotic_arm_moveit_config/environment/ament_prefix_path.dsv
[0.755s] -- Installing: /root/Humble/Zero2RoboticArm-6_DOF_Robotic_Arm_MicroROS_ROS2/brainswarm_ws/install/brainswarm_robotic_arm_moveit_config/share/brainswarm_robotic_arm_moveit_config/environment/path.sh
[0.755s] -- Installing: /root/Humble/Zero2RoboticArm-6_DOF_Robotic_Arm_MicroROS_ROS2/brainswarm_ws/install/brainswarm_robotic_arm_moveit_config/share/brainswarm_robotic_arm_moveit_config/environment/path.dsv
[0.755s] -- Installing: /root/Humble/Zero2RoboticArm-6_DOF_Robotic_Arm_MicroROS_ROS2/brainswarm_ws/install/brainswarm_robotic_arm_moveit_config/share/brainswarm_robotic_arm_moveit_config/local_setup.bash
[0.755s] -- Installing: /root/Humble/Zero2RoboticArm-6_DOF_Robotic_Arm_MicroROS_ROS2/brainswarm_ws/install/brainswarm_robotic_arm_moveit_config/share/brainswarm_robotic_arm_moveit_config/local_setup.sh
[0.756s] -- Installing: /root/Humble/Zero2RoboticArm-6_DOF_Robotic_Arm_MicroROS_ROS2/brainswarm_ws/install/brainswarm_robotic_arm_moveit_config/share/brainswarm_robotic_arm_moveit_config/local_setup.zsh
[0.756s] -- Installing: /root/Humble/Zero2RoboticArm-6_DOF_Robotic_Arm_MicroROS_ROS2/brainswarm_ws/install/brainswarm_robotic_arm_moveit_config/share/brainswarm_robotic_arm_moveit_config/local_setup.dsv
[0.756s] -- Installing: /root/Humble/Zero2RoboticArm-6_DOF_Robotic_Arm_MicroROS_ROS2/brainswarm_ws/install/brainswarm_robotic_arm_moveit_config/share/brainswarm_robotic_arm_moveit_config/package.dsv
[0.757s] -- Installing: /root/Humble/Zero2RoboticArm-6_DOF_Robotic_Arm_MicroROS_ROS2/brainswarm_ws/install/brainswarm_robotic_arm_moveit_config/share/ament_index/resource_index/packages/brainswarm_robotic_arm_moveit_config
[0.757s] -- Installing: /root/Humble/Zero2RoboticArm-6_DOF_Robotic_Arm_MicroROS_ROS2/brainswarm_ws/install/brainswarm_robotic_arm_moveit_config/share/brainswarm_robotic_arm_moveit_config/cmake/brainswarm_robotic_arm_moveit_configConfig.cmake
[0.757s] -- Installing: /root/Humble/Zero2RoboticArm-6_DOF_Robotic_Arm_MicroROS_ROS2/brainswarm_ws/install/brainswarm_robotic_arm_moveit_config/share/brainswarm_robotic_arm_moveit_config/cmake/brainswarm_robotic_arm_moveit_configConfig-version.cmake
[0.757s] -- Installing: /root/Humble/Zero2RoboticArm-6_DOF_Robotic_Arm_MicroROS_ROS2/brainswarm_ws/install/brainswarm_robotic_arm_moveit_config/share/brainswarm_robotic_arm_moveit_config/package.xml
[0.758s] -- Installing: /root/Humble/Zero2RoboticArm-6_DOF_Robotic_Arm_MicroROS_ROS2/brainswarm_ws/install/brainswarm_robotic_arm_moveit_config/share/brainswarm_robotic_arm_moveit_config/launch
[0.760s] -- Installing: /root/Humble/Zero2RoboticArm-6_DOF_Robotic_Arm_MicroROS_ROS2/brainswarm_ws/install/brainswarm_robotic_arm_moveit_config/share/brainswarm_robotic_arm_moveit_config/launch/spawn_controllers.launch.py
[0.760s] -- Installing: /root/Humble/Zero2RoboticArm-6_DOF_Robotic_Arm_MicroROS_ROS2/brainswarm_ws/install/brainswarm_robotic_arm_moveit_config/share/brainswarm_robotic_arm_moveit_config/launch/rsp.launch.py
[0.760s] -- Installing: /root/Humble/Zero2RoboticArm-6_DOF_Robotic_Arm_MicroROS_ROS2/brainswarm_ws/install/brainswarm_robotic_arm_moveit_config/share/brainswarm_robotic_arm_moveit_config/launch/move_group.launch.py
[0.760s] -- Installing: /root/Humble/Zero2RoboticArm-6_DOF_Robotic_Arm_MicroROS_ROS2/brainswarm_ws/install/brainswarm_robotic_arm_moveit_config/share/brainswarm_robotic_arm_moveit_config/launch/demo.launch.py
[0.760s] -- Installing: /root/Humble/Zero2RoboticArm-6_DOF_Robotic_Arm_MicroROS_ROS2/brainswarm_ws/install/brainswarm_robotic_arm_moveit_config/share/brainswarm_robotic_arm_moveit_config/launch/warehouse_db.launch.py
[0.761s] -- Installing: /root/Humble/Zero2RoboticArm-6_DOF_Robotic_Arm_MicroROS_ROS2/brainswarm_ws/install/brainswarm_robotic_arm_moveit_config/share/brainswarm_robotic_arm_moveit_config/launch/static_virtual_joint_tfs.launch.py
[0.761s] -- Installing: /root/Humble/Zero2RoboticArm-6_DOF_Robotic_Arm_MicroROS_ROS2/brainswarm_ws/install/brainswarm_robotic_arm_moveit_config/share/brainswarm_robotic_arm_moveit_config/launch/moveit_rviz.launch.py
[0.761s] -- Installing: /root/Humble/Zero2RoboticArm-6_DOF_Robotic_Arm_MicroROS_ROS2/brainswarm_ws/install/brainswarm_robotic_arm_moveit_config/share/brainswarm_robotic_arm_moveit_config/launch/setup_assistant.launch.py
[0.761s] -- Installing: /root/Humble/Zero2RoboticArm-6_DOF_Robotic_Arm_MicroROS_ROS2/brainswarm_ws/install/brainswarm_robotic_arm_moveit_config/share/brainswarm_robotic_arm_moveit_config/config
[0.761s] -- Installing: /root/Humble/Zero2RoboticArm-6_DOF_Robotic_Arm_MicroROS_ROS2/brainswarm_ws/install/brainswarm_robotic_arm_moveit_config/share/brainswarm_robotic_arm_moveit_config/config/moveit.rviz
[0.761s] -- Installing: /root/Humble/Zero2RoboticArm-6_DOF_Robotic_Arm_MicroROS_ROS2/brainswarm_ws/install/brainswarm_robotic_arm_moveit_config/share/brainswarm_robotic_arm_moveit_config/config/brainswarm_robotic_arm.srdf
[0.762s] -- Installing: /root/Humble/Zero2RoboticArm-6_DOF_Robotic_Arm_MicroROS_ROS2/brainswarm_ws/install/brainswarm_robotic_arm_moveit_config/share/brainswarm_robotic_arm_moveit_config/config/sensors_3d.yaml
[0.762s] -- Installing: /root/Humble/Zero2RoboticArm-6_DOF_Robotic_Arm_MicroROS_ROS2/brainswarm_ws/install/brainswarm_robotic_arm_moveit_config/share/brainswarm_robotic_arm_moveit_config/config/kinematics.yaml
[0.762s] -- Installing: /root/Humble/Zero2RoboticArm-6_DOF_Robotic_Arm_MicroROS_ROS2/brainswarm_ws/install/brainswarm_robotic_arm_moveit_config/share/brainswarm_robotic_arm_moveit_config/config/moveit_controllers.yaml
[0.762s] -- Installing: /root/Humble/Zero2RoboticArm-6_DOF_Robotic_Arm_MicroROS_ROS2/brainswarm_ws/install/brainswarm_robotic_arm_moveit_config/share/brainswarm_robotic_arm_moveit_config/config/robotisim_robotic_arm.srdf
[0.762s] -- Installing: /root/Humble/Zero2RoboticArm-6_DOF_Robotic_Arm_MicroROS_ROS2/brainswarm_ws/install/brainswarm_robotic_arm_moveit_config/share/brainswarm_robotic_arm_moveit_config/config/joint_limits.yaml
[0.762s] -- Installing: /root/Humble/Zero2RoboticArm-6_DOF_Robotic_Arm_MicroROS_ROS2/brainswarm_ws/install/brainswarm_robotic_arm_moveit_config/share/brainswarm_robotic_arm_moveit_config/config/brainswarm_robotic_arm.ros2_control.xacro
[0.762s] -- Installing: /root/Humble/Zero2RoboticArm-6_DOF_Robotic_Arm_MicroROS_ROS2/brainswarm_ws/install/brainswarm_robotic_arm_moveit_config/share/brainswarm_robotic_arm_moveit_config/config/pilz_cartesian_limits.yaml
[0.763s] -- Installing: /root/Humble/Zero2RoboticArm-6_DOF_Robotic_Arm_MicroROS_ROS2/brainswarm_ws/install/brainswarm_robotic_arm_moveit_config/share/brainswarm_robotic_arm_moveit_config/config/brainswarm_robotic_arm.urdf.xacro
[0.763s] -- Installing: /root/Humble/Zero2RoboticArm-6_DOF_Robotic_Arm_MicroROS_ROS2/brainswarm_ws/install/brainswarm_robotic_arm_moveit_config/share/brainswarm_robotic_arm_moveit_config/config/initial_positions.yaml
[0.763s] -- Installing: /root/Humble/Zero2RoboticArm-6_DOF_Robotic_Arm_MicroROS_ROS2/brainswarm_ws/install/brainswarm_robotic_arm_moveit_config/share/brainswarm_robotic_arm_moveit_config/config/ros2_controllers.yaml
[0.763s] -- Installing: /root/Humble/Zero2RoboticArm-6_DOF_Robotic_Arm_MicroROS_ROS2/brainswarm_ws/install/brainswarm_robotic_arm_moveit_config/share/brainswarm_robotic_arm_moveit_config/.setup_assistant
[0.766s] Invoked command in '/root/Humble/Zero2RoboticArm-6_DOF_Robotic_Arm_MicroROS_ROS2/brainswarm_ws/build/brainswarm_robotic_arm_moveit_config' returned '0': AMENT_PREFIX_PATH=/root/Humble/Zero2RoboticArm-6_DOF_Robotic_Arm_MicroROS_ROS2/brainswarm_ws/install/brainswarm_robotic_arm:${AMENT_PREFIX_PATH} CMAKE_PREFIX_PATH=/root/Humble/Zero2RoboticArm-6_DOF_Robotic_Arm_MicroROS_ROS2/brainswarm_ws/install/brainswarm_robotic_arm:/opt/ros/humble /usr/bin/cmake --install /root/Humble/Zero2RoboticArm-6_DOF_Robotic_Arm_MicroROS_ROS2/brainswarm_ws/build/brainswarm_robotic_arm_moveit_config
